[debug] [2022-03-26T08:08:23.328Z] ----------------------------------------------------------------------
[debug] [2022-03-26T08:08:23.343Z] Command:       C:\Program Files\nodejs\node.exe C:\Users\satya\AppData\Roaming\npm\node_modules\firebase-tools\lib\bin\firebase.js deploy
[debug] [2022-03-26T08:08:23.345Z] CLI Version:   10.5.0
[debug] [2022-03-26T08:08:23.346Z] Platform:      win32
[debug] [2022-03-26T08:08:23.347Z] Node Version:  v16.8.0
[debug] [2022-03-26T08:08:23.353Z] Time:          Sat Mar 26 2022 13:38:23 GMT+0530 (India Standard Time)
[debug] [2022-03-26T08:08:23.354Z] ----------------------------------------------------------------------
[debug] 
[debug] [2022-03-26T08:08:23.876Z] > command requires scopes: ["email","openid","https://www.googleapis.com/auth/cloudplatformprojects.readonly","https://www.googleapis.com/auth/firebase","https://www.googleapis.com/auth/cloud-platform"]
[debug] [2022-03-26T08:08:23.878Z] > authorizing via signed-in user (satya.medavarapu@gmail.com)
[debug] [2022-03-26T08:08:23.879Z] [iam] checking project adhyaya-app for permissions ["firebase.projects.get","firebasehosting.sites.update"]
[debug] [2022-03-26T08:08:23.900Z] >>> [apiv2][query] POST https://cloudresourcemanager.googleapis.com/v1/projects/adhyaya-app:testIamPermissions [none]
[debug] [2022-03-26T08:08:23.901Z] >>> [apiv2][body] POST https://cloudresourcemanager.googleapis.com/v1/projects/adhyaya-app:testIamPermissions {"permissions":["firebase.projects.get","firebasehosting.sites.update"]}
[debug] [2022-03-26T08:08:25.937Z] <<< [apiv2][status] POST https://cloudresourcemanager.googleapis.com/v1/projects/adhyaya-app:testIamPermissions 200
[debug] [2022-03-26T08:08:25.938Z] <<< [apiv2][body] POST https://cloudresourcemanager.googleapis.com/v1/projects/adhyaya-app:testIamPermissions {"permissions":["firebase.projects.get","firebasehosting.sites.update"]}
[debug] [2022-03-26T08:08:25.948Z] >>> [apiv2][query] GET https://firebase.googleapis.com/v1beta1/projects/adhyaya-app [none]
[debug] [2022-03-26T08:08:26.970Z] <<< [apiv2][status] GET https://firebase.googleapis.com/v1beta1/projects/adhyaya-app 200
[debug] [2022-03-26T08:08:26.971Z] <<< [apiv2][body] GET https://firebase.googleapis.com/v1beta1/projects/adhyaya-app {"projectId":"adhyaya-app","projectNumber":"84177703406","displayName":"adhyaya-app","name":"projects/adhyaya-app","resources":{"hostingSite":"adhyaya-app","storageBucket":"adhyaya-app.appspot.com","locationId":"us-central"},"state":"ACTIVE"}
[info] 
[info] === Deploying to 'adhyaya-app'...
[info] 
[info] i  deploying hosting 
[debug] [2022-03-26T08:08:26.983Z] >>> [apiv2][query] GET https://firebase.googleapis.com/v1beta1/projects/adhyaya-app [none]
[debug] [2022-03-26T08:08:27.557Z] <<< [apiv2][status] GET https://firebase.googleapis.com/v1beta1/projects/adhyaya-app 200
[debug] [2022-03-26T08:08:27.558Z] <<< [apiv2][body] GET https://firebase.googleapis.com/v1beta1/projects/adhyaya-app {"projectId":"adhyaya-app","projectNumber":"84177703406","displayName":"adhyaya-app","name":"projects/adhyaya-app","resources":{"hostingSite":"adhyaya-app","storageBucket":"adhyaya-app.appspot.com","locationId":"us-central"},"state":"ACTIVE"}
[debug] [2022-03-26T08:08:27.566Z] >>> [apiv2][query] POST https://firebasehosting.googleapis.com/v1beta1/projects/84177703406/sites/adhyaya-app/versions [none]
[debug] [2022-03-26T08:08:27.567Z] >>> [apiv2][body] POST https://firebasehosting.googleapis.com/v1beta1/projects/84177703406/sites/adhyaya-app/versions {"config":{"rewrites":[{"glob":"**","path":"/index.html"}]},"labels":{"deployment-tool":"cli-firebase"}}
[debug] [2022-03-26T08:08:31.124Z] <<< [apiv2][status] POST https://firebasehosting.googleapis.com/v1beta1/projects/84177703406/sites/adhyaya-app/versions 200
[debug] [2022-03-26T08:08:31.125Z] <<< [apiv2][body] POST https://firebasehosting.googleapis.com/v1beta1/projects/84177703406/sites/adhyaya-app/versions {"name":"projects/84177703406/sites/adhyaya-app/versions/fb513bbbc097a1fd","status":"CREATED","config":{"rewrites":[{"glob":"**","path":"/index.html"}]},"labels":{"deployment-tool":"cli-firebase"}}
[info] i  hosting[adhyaya-app]: beginning deploy... 
[info] i  hosting[adhyaya-app]: found 1 files in public 
[debug] [2022-03-26T08:08:31.155Z] [hosting] uploading with 200 concurrency
[debug] [2022-03-26T08:08:31.168Z] [hosting] hash cache [cHVibGlj] stored for 1 files
[debug] [2022-03-26T08:08:31.169Z] [hosting][hash queue][FINAL] {"max":2,"min":2,"avg":2,"active":0,"complete":1,"success":1,"errored":0,"retried":0,"total":1,"elapsed":9}
[debug] [2022-03-26T08:08:31.171Z] >>> [apiv2][query] POST https://firebasehosting.googleapis.com/v1beta1/projects/84177703406/sites/adhyaya-app/versions/fb513bbbc097a1fd:populateFiles [none]
[debug] [2022-03-26T08:08:31.172Z] >>> [apiv2][body] POST https://firebasehosting.googleapis.com/v1beta1/projects/84177703406/sites/adhyaya-app/versions/fb513bbbc097a1fd:populateFiles {"files":{"/index.html":"7f507caf6305e282bd70badcb7f933b714d0e72ac708d29e71edcf9cb28e8081"}}
[debug] [2022-03-26T08:08:32.076Z] <<< [apiv2][status] POST https://firebasehosting.googleapis.com/v1beta1/projects/84177703406/sites/adhyaya-app/versions/fb513bbbc097a1fd:populateFiles 200
[debug] [2022-03-26T08:08:32.077Z] <<< [apiv2][body] POST https://firebasehosting.googleapis.com/v1beta1/projects/84177703406/sites/adhyaya-app/versions/fb513bbbc097a1fd:populateFiles {"uploadUrl":"https://upload-firebasehosting.googleapis.com/upload/sites/adhyaya-app/versions/fb513bbbc097a1fd/files"}
[debug] [2022-03-26T08:08:32.078Z] [hosting][populate queue][FINAL] {"max":914,"min":914,"avg":914,"active":0,"complete":1,"success":1,"errored":0,"retried":0,"total":1,"elapsed":914}
[debug] [2022-03-26T08:08:32.080Z] [hosting] uploads queued: 0
[debug] [2022-03-26T08:08:32.080Z] [hosting][upload queue][FINAL] {"max":0,"min":9999999999,"avg":0,"active":0,"complete":0,"success":0,"errored":0,"retried":0,"total":0,"elapsed":1648282112080}
[info] +  hosting[adhyaya-app]: file upload complete 
[debug] [2022-03-26T08:08:32.083Z] [hosting] deploy completed after 954ms
[debug] [2022-03-26T08:08:32.098Z] [
  {
    "config": {
      "public": "public",
      "ignore": [
        "firebase.json",
        "**/.*",
        "**/node_modules/**"
      ],
      "rewrites": [
        {
          "source": "**",
          "destination": "/index.html"
        }
      ],
      "site": "adhyaya-app"
    },
    "site": "adhyaya-app",
    "version": "projects/84177703406/sites/adhyaya-app/versions/fb513bbbc097a1fd"
  }
]
[info] i  hosting[adhyaya-app]: finalizing version... 
[debug] [2022-03-26T08:08:32.103Z] >>> [apiv2][query] PATCH https://firebasehosting.googleapis.com/v1beta1/projects/84177703406/sites/adhyaya-app/versions/fb513bbbc097a1fd updateMask=status
[debug] [2022-03-26T08:08:32.103Z] >>> [apiv2][body] PATCH https://firebasehosting.googleapis.com/v1beta1/projects/84177703406/sites/adhyaya-app/versions/fb513bbbc097a1fd {"status":"FINALIZED"}
[debug] [2022-03-26T08:08:33.970Z] <<< [apiv2][status] PATCH https://firebasehosting.googleapis.com/v1beta1/projects/84177703406/sites/adhyaya-app/versions/fb513bbbc097a1fd 200
[debug] [2022-03-26T08:08:33.970Z] <<< [apiv2][body] PATCH https://firebasehosting.googleapis.com/v1beta1/projects/84177703406/sites/adhyaya-app/versions/fb513bbbc097a1fd {"name":"projects/84177703406/sites/adhyaya-app/versions/fb513bbbc097a1fd","status":"FINALIZED","config":{"rewrites":[{"glob":"**","path":"/index.html"}]},"labels":{"deployment-tool":"cli-firebase"},"createTime":"2022-03-26T08:06:30.937369Z","createUser":{"email":"satya.medavarapu@gmail.com"},"finalizeTime":"2022-03-26T08:06:34.335106Z","finalizeUser":{"email":"satya.medavarapu@gmail.com"}}
[debug] [2022-03-26T08:08:33.971Z] [hosting] finalized version for adhyaya-app:[object Object]
[info] +  hosting[adhyaya-app]: version finalized 
[info] i  hosting[adhyaya-app]: releasing new version... 
[debug] [2022-03-26T08:08:33.974Z] >>> [apiv2][query] POST https://firebasehosting.googleapis.com/v1beta1/projects/84177703406/sites/adhyaya-app/releases versionName=projects%2F84177703406%2Fsites%2Fadhyaya-app%2Fversions%2Ffb513bbbc097a1fd
[debug] [2022-03-26T08:08:33.975Z] >>> [apiv2][body] POST https://firebasehosting.googleapis.com/v1beta1/projects/84177703406/sites/adhyaya-app/releases {"message":null}
[debug] [2022-03-26T08:08:35.881Z] <<< [apiv2][status] POST https://firebasehosting.googleapis.com/v1beta1/projects/84177703406/sites/adhyaya-app/releases 200
[debug] [2022-03-26T08:08:35.882Z] <<< [apiv2][body] POST https://firebasehosting.googleapis.com/v1beta1/projects/84177703406/sites/adhyaya-app/releases {"name":"projects/84177703406/sites/adhyaya-app/releases/1648281995678354","version":{"name":"projects/84177703406/sites/adhyaya-app/versions/fb513bbbc097a1fd","status":"FINALIZED","config":{"rewrites":[{"glob":"**","path":"/index.html"}]},"labels":{"deployment-tool":"cli-firebase"},"createTime":"2022-03-26T08:06:30.937369Z","createUser":{"email":"satya.medavarapu@gmail.com","imageUrl":"https://lh3.googleusercontent.com/a-/AOh14Gim6yUCm-9Ad-E3xxQPxQSknedE9zarA_Elpc_ecw"},"finalizeTime":"2022-03-26T08:06:34.335106Z","finalizeUser":{"email":"satya.medavarapu@gmail.com","imageUrl":"https://lh3.googleusercontent.com/a-/AOh14Gim6yUCm-9Ad-E3xxQPxQSknedE9zarA_Elpc_ecw"}},"type":"DEPLOY","releaseTime":"2022-03-26T08:06:35.678354392Z","releaseUser":{"email":"satya.medavarapu@gmail.com","imageUrl":"https://lh3.googleusercontent.com/a-/AOh14Gim6yUCm-9Ad-E3xxQPxQSknedE9zarA_Elpc_ecw"}}
[debug] [2022-03-26T08:08:35.882Z] [hosting] release: {"name":"projects/84177703406/sites/adhyaya-app/releases/1648281995678354","version":{"name":"projects/84177703406/sites/adhyaya-app/versions/fb513bbbc097a1fd","status":"FINALIZED","config":{"rewrites":[{"glob":"**","path":"/index.html"}]},"labels":{"deployment-tool":"cli-firebase"},"createTime":"2022-03-26T08:06:30.937369Z","createUser":{"email":"satya.medavarapu@gmail.com","imageUrl":"https://lh3.googleusercontent.com/a-/AOh14Gim6yUCm-9Ad-E3xxQPxQSknedE9zarA_Elpc_ecw"},"finalizeTime":"2022-03-26T08:06:34.335106Z","finalizeUser":{"email":"satya.medavarapu@gmail.com","imageUrl":"https://lh3.googleusercontent.com/a-/AOh14Gim6yUCm-9Ad-E3xxQPxQSknedE9zarA_Elpc_ecw"}},"type":"DEPLOY","releaseTime":"2022-03-26T08:06:35.678354392Z","releaseUser":{"email":"satya.medavarapu@gmail.com","imageUrl":"https://lh3.googleusercontent.com/a-/AOh14Gim6yUCm-9Ad-E3xxQPxQSknedE9zarA_Elpc_ecw"}}
[info] +  hosting[adhyaya-app]: release complete 
